./filter_run_blastdbcmd.sh ../data/faa-split/file2.faa.out
./filter_run_blastdbcmd.sh ../data/faa-split/file1.faa.out
filter_split 'filter_split_seq.py'
'filter_split_seq.py'
filter_split 'filter_split_seq.py'
'../data/faa-split/file2.faa.out'
'filter_split_seq.py'
'../data/faa-split/file1.faa.out'
filename_path
filename_path
from
from
filter_split_seq.py:
filter_split_seq.py:
/Users/rmarini/BME5320/BME5320-project/project_files/data/faa-split/file2.faa.out
/Users/rmarini/BME5320/BME5320-project/project_files/data/faa-split/file1.faa.out
Fri Dec  8 21:06:02 CST 2017
*************************
Fri Dec  8 21:06:02 CST 2017
*************************
./filter_run_blastdbcmd.sh ../data/faa-split/file2.faa.out
./filter_run_blastdbcmd.sh ../data/faa-split/file1.faa.out
filter_split 
filter_split 
Wed Dec 13 16:28:37 CST 2017
Wed Dec 13 16:28:37 CST 2017
*************************
*************************
